{"level":"info","message":"[Cloudinary] credentials loaded: cloudName=true, apiKey=true, apiSecret=true, required=true","service":"healthcare-verification-service","timestamp":"2010-06-19 11:53:06"}
{"level":"info","message":"MongoDB Connected","service":"healthcare-verification-service","timestamp":"2010-06-19 11:53:07"}
{"level":"info","message":"Healthcare Platform API running in [development] mode on port 4000","service":"healthcare-verification-service","timestamp":"2010-06-19 11:53:07"}
{"level":"info","message":"Swagger API documentation available at http://localhost:4000/api/docs","service":"healthcare-verification-service","timestamp":"2010-06-19 11:53:07"}
{"level":"info","message":"MongoDB Connected","service":"healthcare-verification-service","timestamp":"2010-06-19 11:53:39"}
{"level":"info","message":"[Cloudinary] credentials loaded: cloudName=true, apiKey=true, apiSecret=true, required=true","service":"healthcare-verification-service","timestamp":"2010-06-24 11:03:51"}
{"level":"info","message":"MongoDB Connected","service":"healthcare-verification-service","timestamp":"2010-06-24 11:03:52"}
{"level":"info","message":"Healthcare Platform API running in [development] mode on port 4000","service":"healthcare-verification-service","timestamp":"2010-06-24 11:03:52"}
{"level":"info","message":"Swagger API documentation available at http://localhost:4000/api/docs","service":"healthcare-verification-service","timestamp":"2010-06-24 11:03:52"}
{"level":"info","message":"[Cloudinary] credentials loaded: cloudName=true, apiKey=true, apiSecret=true, required=true","service":"healthcare-verification-service","timestamp":"2026-06-24 11:45:00"}
{"level":"info","message":"MongoDB Connected","service":"healthcare-verification-service","timestamp":"2026-06-24 11:45:01"}
{"level":"info","message":"Healthcare Platform API running in [development] mode on port 4000","service":"healthcare-verification-service","timestamp":"2026-06-24 11:45:01"}
{"level":"info","message":"Swagger API documentation available at http://localhost:4000/api/docs","service":"healthcare-verification-service","timestamp":"2026-06-24 11:45:01"}
{"level":"info","message":"MongoDB Connected","service":"healthcare-verification-service","timestamp":"2026-06-24 11:50:05"}
{"level":"info","message":"[Cloudinary] credentials loaded: cloudName=true, apiKey=true, apiSecret=true, required=true","service":"healthcare-verification-service","timestamp":"2026-06-24 11:52:10"}
{"level":"info","message":"MongoDB Connected","service":"healthcare-verification-service","timestamp":"2026-06-24 11:52:11"}
{"level":"info","message":"Healthcare Platform API running in [development] mode on port 4000","service":"healthcare-verification-service","timestamp":"2026-06-24 11:52:11"}
{"level":"info","message":"Swagger API documentation available at http://localhost:4000/api/docs","service":"healthcare-verification-service","timestamp":"2026-06-24 11:52:11"}
{"level":"info","message":"[Cloudinary] credentials loaded: cloudName=true, apiKey=true, apiSecret=true, required=true","service":"healthcare-verification-service","timestamp":"2026-06-24 11:54:15"}
{"level":"info","message":"MongoDB Connected","service":"healthcare-verification-service","timestamp":"2026-06-24 11:54:18"}
{"level":"info","message":"Healthcare Platform API running in [development] mode on port 4000","service":"healthcare-verification-service","timestamp":"2026-06-24 11:54:18"}
{"level":"info","message":"Swagger API documentation available at http://localhost:4000/api/docs","service":"healthcare-verification-service","timestamp":"2026-06-24 11:54:18"}
{"level":"info","message":"[POST] /auth/login - IP: ::1","service":"healthcare-verification-service","timestamp":"2026-06-24 11:54:56"}
{"level":"info","message":"[POST] /api/auth/login - IP: ::1","service":"healthcare-verification-service","timestamp":"2026-06-24 11:57:32"}
{"level":"info","message":"[Cloudinary] credentials loaded: cloudName=true, apiKey=true, apiSecret=true, required=true","service":"healthcare-verification-service","timestamp":"2026-06-24 11:58:15"}
{"level":"info","message":"MongoDB Connected","service":"healthcare-verification-service","timestamp":"2026-06-24 11:58:17"}
{"level":"info","message":"Healthcare Platform API running in [development] mode on port 4000","service":"healthcare-verification-service","timestamp":"2026-06-24 11:58:17"}
{"level":"info","message":"Swagger API documentation available at http://localhost:4000/api/docs","service":"healthcare-verification-service","timestamp":"2026-06-24 11:58:17"}
{"level":"info","message":"[POST] /api/auth/login - IP: ::1","service":"healthcare-verification-service","timestamp":"2026-06-24 11:58:23"}
{"level":"info","message":"[POST] /api/auth/login - IP: ::1","service":"healthcare-verification-service","timestamp":"2026-06-24 11:59:29"}
{"level":"info","message":"Audit Log Created: [LOGIN] by User [6a3b771647a64e288e453b34] on [USER - 6a3b771647a64e288e453b34]","service":"healthcare-verification-service","timestamp":"2026-06-24 11:59:30"}
{"level":"info","message":"[GET] /api/analytics/stats - IP: ::1","service":"healthcare-verification-service","timestamp":"2026-06-24 11:59:30"}
{"level":"info","message":"[GET] /api/analytics/charts - IP: ::1","service":"healthcare-verification-service","timestamp":"2026-06-24 11:59:30"}
{"level":"info","message":"[GET] /api/analytics/stats - IP: ::1","service":"healthcare-verification-service","timestamp":"2026-06-24 11:59:31"}
{"level":"info","message":"[GET] /api/analytics/charts - IP: ::1","service":"healthcare-verification-service","timestamp":"2026-06-24 11:59:32"}
{"level":"info","message":"[GET] /api/patients?q= - IP: ::1","service":"healthcare-verification-service","timestamp":"2026-06-24 11:59:36"}
{"level":"info","message":"[GET] /api/patients?q= - IP: ::1","service":"healthcare-verification-service","timestamp":"2026-06-24 11:59:37"}
{"level":"info","message":"[GET] /api/certificates?q= - IP: ::1","service":"healthcare-verification-service","timestamp":"2026-06-24 11:59:39"}
{"level":"info","message":"[GET] /api/certificates?q= - IP: ::1","service":"healthcare-verification-service","timestamp":"2026-06-24 11:59:39"}
{"level":"info","message":"[GET] /api/patients - IP: ::1","service":"healthcare-verification-service","timestamp":"2026-06-24 11:59:55"}
{"level":"info","message":"[GET] /api/patients?q= - IP: ::1","service":"healthcare-verification-service","timestamp":"2026-06-24 12:05:21"}
{"level":"info","message":"[GET] /api/patients?q= - IP: ::1","service":"healthcare-verification-service","timestamp":"2026-06-24 12:05:22"}
{"level":"info","message":"[POST] /api/patients - IP: ::1","service":"healthcare-verification-service","timestamp":"2026-06-24 12:05:46"}
{"level":"info","message":"Audit Log Created: [PATIENT_CREATE] by User [6a3b771647a64e288e453b34] on [PATIENT - 6a3b7ac21460a0b504d97f74]","service":"healthcare-verification-service","timestamp":"2026-06-24 12:05:46"}
{"level":"info","message":"[GET] /api/patients?q= - IP: ::1","service":"healthcare-verification-service","timestamp":"2026-06-24 12:05:46"}
{"level":"info","message":"[GET] /api/certificates?q= - IP: ::1","service":"healthcare-verification-service","timestamp":"2026-06-24 12:05:49"}
{"level":"info","message":"[GET] /api/certificates?q= - IP: ::1","service":"healthcare-verification-service","timestamp":"2026-06-24 12:05:49"}
{"level":"info","message":"[GET] /api/patients - IP: ::1","service":"healthcare-verification-service","timestamp":"2026-06-24 12:05:51"}
{"level":"info","message":"[POST] /api/certificates - IP: ::1","service":"healthcare-verification-service","timestamp":"2026-06-24 12:06:21"}
{"level":"info","message":"[Certificate Pipeline] Step 1: Validating Request","service":"healthcare-verification-service","timestamp":"2026-06-24 12:06:21"}
{"level":"info","message":"[Certificate Pipeline] Step 2: Loading Patient","service":"healthcare-verification-service","timestamp":"2026-06-24 12:06:21"}
{"level":"info","message":"[Certificate Pipeline] Step 3: Loading Doctor","service":"healthcare-verification-service","timestamp":"2026-06-24 12:06:21"}
{"level":"info","message":"[POST] /api/certificates - IP: ::1","service":"healthcare-verification-service","timestamp":"2026-06-24 12:06:31"}
{"level":"info","message":"[Certificate Pipeline] Step 1: Validating Request","service":"healthcare-verification-service","timestamp":"2026-06-24 12:06:31"}
{"level":"info","message":"[Certificate Pipeline] Step 2: Loading Patient","service":"healthcare-verification-service","timestamp":"2026-06-24 12:06:31"}
{"level":"info","message":"[Certificate Pipeline] Step 3: Loading Doctor","service":"healthcare-verification-service","timestamp":"2026-06-24 12:06:31"}
{"level":"info","message":"[Certificate Pipeline] Step 4: Generating Certificate Number","service":"healthcare-verification-service","timestamp":"2026-06-24 12:06:31"}
{"level":"info","message":"[Certificate Pipeline] Step 5: Generating QR Code","service":"healthcare-verification-service","timestamp":"2026-06-24 12:06:31"}
{"level":"info","message":"[Certificate Pipeline] Step 6: Generating PDF","service":"healthcare-verification-service","timestamp":"2026-06-24 12:06:31"}
{"level":"info","message":"[Certificate Pipeline] Step 7: PDF ready for email attachment at C:\\Users\\TUF\\AppData\\Local\\Temp\\healthverify-certificate-56ad9a39-9aa1-4f91-a540-23ea070150b7.pdf","service":"healthcare-verification-service","timestamp":"2026-06-24 12:06:35"}
{"level":"info","message":"[Certificate Pipeline] Step 9: Creating Database Record","service":"healthcare-verification-service","timestamp":"2026-06-24 12:06:35"}
{"level":"info","message":"CERTIFICATE PAYLOAD {\"certificateNumber\":\"MC-2026-000002\",\"patientId\":\"6a3b7ac21460a0b504d97f74\",\"doctorId\":\"6a3b771647a64e288e453b35\",\"pdfAttachment\":\"Medical_Certificate_MC-2026-000002.pdf\"}","service":"healthcare-verification-service","timestamp":"2026-06-24 12:06:35"}
{"level":"info","message":"Audit Log Created: [CERTIFICATE_CREATE] by User [6a3b771647a64e288e453b34] on [CERTIFICATE - 6a3b7af31460a0b504d97f76]","service":"healthcare-verification-service","timestamp":"2026-06-24 12:06:35"}
{"level":"info","message":"[Certificate Pipeline] Step 10: Sending Email","service":"healthcare-verification-service","timestamp":"2026-06-24 12:06:35"}
{"level":"info","message":"[Notification] Preparing CERTIFICATE_CREATED email for zxchetantomar141@gmail.com","service":"healthcare-verification-service","timestamp":"2026-06-24 12:06:36"}
{"level":"error","message":"========== NOTIFICATION ERROR ==========","service":"healthcare-verification-service","timestamp":"2026-06-24 12:06:50"}
{"level":"error","message":"Message: Resend email failed: {\"statusCode\":403,\"name\":\"validation_error\",\"message\":\"You can only send testing emails to your own email address (mayankmathur183@gmail.com). To send emails to other recipients, please verify a domain at resend.com/domains, and change the `from` address to an email using this domain.\"}","service":"healthcare-verification-service","timestamp":"2026-06-24 12:06:50"}
{"level":"error","message":"Status: N/A","service":"healthcare-verification-service","timestamp":"2026-06-24 12:06:50"}
{"level":"error","message":"Data: N/A","service":"healthcare-verification-service","timestamp":"2026-06-24 12:06:50"}
{"level":"error","message":"Error: Resend email failed: {\"statusCode\":403,\"name\":\"validation_error\",\"message\":\"You can only send testing emails to your own email address (mayankmathur183@gmail.com). To send emails to other recipients, please verify a domain at resend.com/domains, and change the `from` address to an email using this domain.\"}\n    at NotificationService.sendEmail (file:///F:/singapore/server/src/services/notificationService.js:78:17)\n    at process.processTicksAndRejections (node:internal/process/task_queues:104:5)\n    at async createCertificate (file:///F:/singapore/server/src/modules/certificates/certificates.controller.js:277:27)","service":"healthcare-verification-service","timestamp":"2026-06-24 12:06:50"}
{"level":"error","message":"Failed to send email to zxchetantomar141@gmail.com: Resend email failed: {\"statusCode\":403,\"name\":\"validation_error\",\"message\":\"You can only send testing emails to your own email address (mayankmathur183@gmail.com). To send emails to other recipients, please verify a domain at resend.com/domains, and change the `from` address to an email using this domain.\"}","service":"healthcare-verification-service","stack":"Error: Resend email failed: {\"statusCode\":403,\"name\":\"validation_error\",\"message\":\"You can only send testing emails to your own email address (mayankmathur183@gmail.com). To send emails to other recipients, please verify a domain at resend.com/domains, and change the `from` address to an email using this domain.\"}\n    at NotificationService.sendEmail (file:///F:/singapore/server/src/services/notificationService.js:78:17)\n    at process.processTicksAndRejections (node:internal/process/task_queues:104:5)\n    at async createCertificate (file:///F:/singapore/server/src/modules/certificates/certificates.controller.js:277:27)","timestamp":"2026-06-24 12:06:50"}
{"level":"error","message":"Certificate email failed for MC-2026-000002: Resend email failed: {\"statusCode\":403,\"name\":\"validation_error\",\"message\":\"You can only send testing emails to your own email address (mayankmathur183@gmail.com). To send emails to other recipients, please verify a domain at resend.com/domains, and change the `from` address to an email using this domain.\"}","service":"healthcare-verification-service","stack":"Error: Resend email failed: {\"statusCode\":403,\"name\":\"validation_error\",\"message\":\"You can only send testing emails to your own email address (mayankmathur183@gmail.com). To send emails to other recipients, please verify a domain at resend.com/domains, and change the `from` address to an email using this domain.\"}\n    at NotificationService.sendEmail (file:///F:/singapore/server/src/services/notificationService.js:78:17)\n    at process.processTicksAndRejections (node:internal/process/task_queues:104:5)\n    at async createCertificate (file:///F:/singapore/server/src/modules/certificates/certificates.controller.js:277:27)","timestamp":"2026-06-24 12:06:50"}
{"level":"info","message":"[GET] /api/certificates?q= - IP: ::1","service":"healthcare-verification-service","timestamp":"2026-06-24 12:06:50"}
{"level":"info","message":"[GET] /api/certificates/6a3b7af31460a0b504d97f76/download - IP: ::1","service":"healthcare-verification-service","timestamp":"2026-06-24 12:06:57"}
{"level":"info","message":"[Certificate Pipeline] Step 5: Generating QR Code","service":"healthcare-verification-service","timestamp":"2026-06-24 12:06:57"}
{"level":"info","message":"[Certificate Pipeline] Step 6: Generating PDF","service":"healthcare-verification-service","timestamp":"2026-06-24 12:06:57"}
{"level":"info","message":"[Certificate Pipeline] Step 7: PDF ready for email attachment at C:\\Users\\TUF\\AppData\\Local\\Temp\\healthverify-certificate-dd38682d-175c-485c-8952-82cebb7ce3c3.pdf","service":"healthcare-verification-service","timestamp":"2026-06-24 12:06:58"}
{"level":"info","message":"MongoDB Connected","service":"healthcare-verification-service","timestamp":"2026-06-24 12:59:35"}
{"level":"info","message":"MongoDB Connected","service":"healthcare-verification-service","timestamp":"2026-06-24 13:02:39"}
{"level":"info","message":"MongoDB Connected","service":"healthcare-verification-service","timestamp":"2026-06-24 13:05:22"}
{"level":"info","message":"[Certificate Pipeline] Step 5: Generating QR Code","service":"healthcare-verification-service","timestamp":"2026-06-24 13:05:22"}
{"level":"info","message":"[Certificate Pipeline] Step 6: Generating PDF","service":"healthcare-verification-service","timestamp":"2026-06-24 13:05:22"}
{"level":"info","message":"[Certificate Pipeline] Step 7: PDF ready for email attachment at C:\\Users\\TUF\\AppData\\Local\\Temp\\healthverify-certificate-5720345e-4bd9-44f8-a4bc-40201df0bb66.pdf","service":"healthcare-verification-service","timestamp":"2026-06-24 13:05:24"}
{"level":"info","message":"[Cloudinary] credentials loaded: cloudName=true, apiKey=true, apiSecret=true, required=true","service":"healthcare-verification-service","timestamp":"2026-06-24 13:09:27"}
{"level":"info","message":"MongoDB Connected","service":"healthcare-verification-service","timestamp":"2026-06-24 13:09:28"}
{"level":"info","message":"Healthcare Platform API running in [development] mode on port 4000","service":"healthcare-verification-service","timestamp":"2026-06-24 13:09:28"}
{"level":"info","message":"Swagger API documentation available at http://localhost:4000/api/docs","service":"healthcare-verification-service","timestamp":"2026-06-24 13:09:28"}
{"level":"info","message":"[GET] /api/certificates?q= - IP: ::1","service":"healthcare-verification-service","timestamp":"2026-06-24 13:09:37"}
{"expiredAt":"2026-06-24T06:44:30.000Z","level":"warn","message":"jwt expired","name":"TokenExpiredError","service":"healthcare-verification-service","stack":"TokenExpiredError: jwt expired\n    at F:\\singapore\\server\\node_modules\\jsonwebtoken\\verify.js:190:21\n    at getSecret (F:\\singapore\\server\\node_modules\\jsonwebtoken\\verify.js:97:14)\n    at module.exports [as verify] (F:\\singapore\\server\\node_modules\\jsonwebtoken\\verify.js:101:10)\n    at verifyAccessToken (file:///F:/singapore/server/src/utils/jwt.js:17:14)\n    at authenticate (file:///F:/singapore/server/src/middleware/authMiddleware.js:14:21)\n    at Layer.handle [as handle_request] (F:\\singapore\\server\\node_modules\\express\\lib\\router\\layer.js:95:5)\n    at trim_prefix (F:\\singapore\\server\\node_modules\\express\\lib\\router\\index.js:328:13)\n    at F:\\singapore\\server\\node_modules\\express\\lib\\router\\index.js:286:9\n    at router.process_params (F:\\singapore\\server\\node_modules\\express\\lib\\router\\index.js:346:12)\n    at next (F:\\singapore\\server\\node_modules\\express\\lib\\router\\index.js:280:10)","timestamp":"2026-06-24 13:09:37"}
{"level":"info","message":"[GET] /api/certificates?q= - IP: ::1","service":"healthcare-verification-service","timestamp":"2026-06-24 13:09:37"}
{"expiredAt":"2026-06-24T06:44:30.000Z","level":"warn","message":"jwt expired","name":"TokenExpiredError","service":"healthcare-verification-service","stack":"TokenExpiredError: jwt expired\n    at F:\\singapore\\server\\node_modules\\jsonwebtoken\\verify.js:190:21\n    at getSecret (F:\\singapore\\server\\node_modules\\jsonwebtoken\\verify.js:97:14)\n    at module.exports [as verify] (F:\\singapore\\server\\node_modules\\jsonwebtoken\\verify.js:101:10)\n    at verifyAccessToken (file:///F:/singapore/server/src/utils/jwt.js:17:14)\n    at authenticate (file:///F:/singapore/server/src/middleware/authMiddleware.js:14:21)\n    at Layer.handle [as handle_request] (F:\\singapore\\server\\node_modules\\express\\lib\\router\\layer.js:95:5)\n    at trim_prefix (F:\\singapore\\server\\node_modules\\express\\lib\\router\\index.js:328:13)\n    at F:\\singapore\\server\\node_modules\\express\\lib\\router\\index.js:286:9\n    at router.process_params (F:\\singapore\\server\\node_modules\\express\\lib\\router\\index.js:346:12)\n    at next (F:\\singapore\\server\\node_modules\\express\\lib\\router\\index.js:280:10)","timestamp":"2026-06-24 13:09:37"}
{"level":"info","message":"[POST] /api/auth/refresh - IP: ::1","service":"healthcare-verification-service","timestamp":"2026-06-24 13:09:37"}
{"level":"info","message":"[POST] /api/auth/login - IP: ::1","service":"healthcare-verification-service","timestamp":"2026-06-24 13:10:00"}
{"level":"info","message":"[POST] /api/auth/login - IP: ::1","service":"healthcare-verification-service","timestamp":"2026-06-24 13:10:45"}
{"level":"info","message":"Audit Log Created: [LOGIN] by User [6a3b8819db0ac7610f28f422] on [USER - 6a3b8819db0ac7610f28f422]","service":"healthcare-verification-service","timestamp":"2026-06-24 13:10:46"}
{"level":"info","message":"[GET] /api/analytics/stats - IP: ::1","service":"healthcare-verification-service","timestamp":"2026-06-24 13:10:46"}
{"level":"info","message":"[GET] /api/analytics/charts - IP: ::1","service":"healthcare-verification-service","timestamp":"2026-06-24 13:10:46"}
{"level":"info","message":"[GET] /api/analytics/stats - IP: ::1","service":"healthcare-verification-service","timestamp":"2026-06-24 13:10:47"}
{"level":"info","message":"[GET] /api/analytics/charts - IP: ::1","service":"healthcare-verification-service","timestamp":"2026-06-24 13:10:48"}
{"level":"info","message":"[GET] /api/certificates?q= - IP: ::1","service":"healthcare-verification-service","timestamp":"2026-06-24 13:10:56"}
{"level":"info","message":"[GET] /api/certificates?q= - IP: ::1","service":"healthcare-verification-service","timestamp":"2026-06-24 13:10:56"}
{"level":"info","message":"[GET] /api/doctors - IP: ::1","service":"healthcare-verification-service","timestamp":"2026-06-24 13:10:59"}
{"level":"info","message":"[GET] /api/patients - IP: ::1","service":"healthcare-verification-service","timestamp":"2026-06-24 13:10:59"}
{"level":"info","message":"[POST] /api/certificates - IP: ::1","service":"healthcare-verification-service","timestamp":"2026-06-24 13:11:14"}
{"level":"info","message":"[Certificate Pipeline] Step 1: Validating Request","service":"healthcare-verification-service","timestamp":"2026-06-24 13:11:14"}
{"level":"info","message":"[Certificate Pipeline] Step 2: Loading Patient","service":"healthcare-verification-service","timestamp":"2026-06-24 13:11:14"}
{"level":"info","message":"[Certificate Pipeline] Step 3: Loading Doctor","service":"healthcare-verification-service","timestamp":"2026-06-24 13:11:15"}
{"level":"info","message":"[Certificate Pipeline] Step 4: Generating Certificate Number","service":"healthcare-verification-service","timestamp":"2026-06-24 13:11:15"}
{"level":"info","message":"[Certificate Pipeline] Step 5: Generating QR Code","service":"healthcare-verification-service","timestamp":"2026-06-24 13:11:15"}
{"level":"info","message":"[Certificate Pipeline] Step 6: Generating PDF","service":"healthcare-verification-service","timestamp":"2026-06-24 13:11:15"}
{"level":"info","message":"[Certificate Pipeline] Step 7: PDF ready for email attachment at C:\\Users\\TUF\\AppData\\Local\\Temp\\healthverify-certificate-2c5489bd-4219-4187-8ff9-5ac6e4f27d97.pdf","service":"healthcare-verification-service","timestamp":"2026-06-24 13:11:17"}
{"level":"info","message":"[Certificate Pipeline] Step 9: Creating Database Record","service":"healthcare-verification-service","timestamp":"2026-06-24 13:11:17"}
{"level":"info","message":"CERTIFICATE PAYLOAD {\"certificateNumber\":\"MC-2026-000002\",\"patientId\":\"6a3b8819db0ac7610f28f428\",\"doctorId\":\"6a3b8819db0ac7610f28f424\",\"pdfAttachment\":\"Medical_Certificate_MC-2026-000002.pdf\"}","service":"healthcare-verification-service","timestamp":"2026-06-24 13:11:17"}
{"level":"info","message":"Audit Log Created: [CERTIFICATE_CREATE] by User [6a3b8819db0ac7610f28f422] on [CERTIFICATE - 6a3b8a1dbe7c652f9ba4cdde]","service":"healthcare-verification-service","timestamp":"2026-06-24 13:11:17"}
{"level":"info","message":"[Certificate Pipeline] Step 10: Sending Email","service":"healthcare-verification-service","timestamp":"2026-06-24 13:11:17"}
{"level":"info","message":"[Notification] Preparing CERTIFICATE_CREATED email for priya.nair@example.com","service":"healthcare-verification-service","timestamp":"2026-06-24 13:11:17"}
{"level":"error","message":"========== NOTIFICATION ERROR ==========","service":"healthcare-verification-service","timestamp":"2026-06-24 13:11:39"}
{"level":"error","message":"Message: Resend email failed: {\"name\":\"application_error\",\"statusCode\":400,\"message\":\"Internal server error. We are unable to process your request right now, please try again later.\"}","service":"healthcare-verification-service","timestamp":"2026-06-24 13:11:39"}
{"level":"error","message":"Status: N/A","service":"healthcare-verification-service","timestamp":"2026-06-24 13:11:39"}
{"level":"error","message":"Data: N/A","service":"healthcare-verification-service","timestamp":"2026-06-24 13:11:39"}
{"level":"error","message":"Error: Resend email failed: {\"name\":\"application_error\",\"statusCode\":400,\"message\":\"Internal server error. We are unable to process your request right now, please try again later.\"}\n    at NotificationService.sendEmail (file:///F:/singapore/server/src/services/notificationService.js:78:17)\n    at process.processTicksAndRejections (node:internal/process/task_queues:104:5)\n    at async createCertificate (file:///F:/singapore/server/src/modules/certificates/certificates.controller.js:277:27)","service":"healthcare-verification-service","timestamp":"2026-06-24 13:11:39"}
{"level":"error","message":"Failed to send email to priya.nair@example.com: Resend email failed: {\"name\":\"application_error\",\"statusCode\":400,\"message\":\"Internal server error. We are unable to process your request right now, please try again later.\"}","service":"healthcare-verification-service","stack":"Error: Resend email failed: {\"name\":\"application_error\",\"statusCode\":400,\"message\":\"Internal server error. We are unable to process your request right now, please try again later.\"}\n    at NotificationService.sendEmail (file:///F:/singapore/server/src/services/notificationService.js:78:17)\n    at process.processTicksAndRejections (node:internal/process/task_queues:104:5)\n    at async createCertificate (file:///F:/singapore/server/src/modules/certificates/certificates.controller.js:277:27)","timestamp":"2026-06-24 13:11:39"}
{"level":"error","message":"Certificate email failed for MC-2026-000002: Resend email failed: {\"name\":\"application_error\",\"statusCode\":400,\"message\":\"Internal server error. We are unable to process your request right now, please try again later.\"}","service":"healthcare-verification-service","stack":"Error: Resend email failed: {\"name\":\"application_error\",\"statusCode\":400,\"message\":\"Internal server error. We are unable to process your request right now, please try again later.\"}\n    at NotificationService.sendEmail (file:///F:/singapore/server/src/services/notificationService.js:78:17)\n    at process.processTicksAndRejections (node:internal/process/task_queues:104:5)\n    at async createCertificate (file:///F:/singapore/server/src/modules/certificates/certificates.controller.js:277:27)","timestamp":"2026-06-24 13:11:39"}
{"level":"info","message":"[GET] /api/certificates?q= - IP: ::1","service":"healthcare-verification-service","timestamp":"2026-06-24 13:11:39"}
{"level":"info","message":"[GET] /api/certificates/6a3b8a1dbe7c652f9ba4cdde/download - IP: ::1","service":"healthcare-verification-service","timestamp":"2026-06-24 13:11:45"}
{"level":"info","message":"[Certificate Pipeline] Step 5: Generating QR Code","service":"healthcare-verification-service","timestamp":"2026-06-24 13:11:45"}
{"level":"info","message":"[Certificate Pipeline] Step 6: Generating PDF","service":"healthcare-verification-service","timestamp":"2026-06-24 13:11:45"}
{"level":"info","message":"[Certificate Pipeline] Step 7: PDF ready for email attachment at C:\\Users\\TUF\\AppData\\Local\\Temp\\healthverify-certificate-89f1068b-5ab0-4338-97f5-be91d10c05fb.pdf","service":"healthcare-verification-service","timestamp":"2026-06-24 13:11:47"}
{"level":"info","message":"[GET] /api/certificates?q= - IP: ::1","service":"healthcare-verification-service","timestamp":"2026-06-24 13:16:08"}
{"level":"info","message":"[GET] /api/certificates?q= - IP: ::1","service":"healthcare-verification-service","timestamp":"2026-06-24 13:16:08"}
{"level":"info","message":"MongoDB Connected","service":"healthcare-verification-service","timestamp":"2026-06-24 13:22:28"}
{"level":"info","message":"MongoDB Connected","service":"healthcare-verification-service","timestamp":"2026-06-24 13:23:36"}
{"level":"info","message":"[Certificate Pipeline] Step 5: Generating QR Code","service":"healthcare-verification-service","timestamp":"2026-06-24 13:23:38"}
{"level":"info","message":"[Certificate Pipeline] Step 6: Generating PDF","service":"healthcare-verification-service","timestamp":"2026-06-24 13:23:38"}
{"level":"info","message":"[Certificate Pipeline] Step 7: PDF ready for email attachment at C:\\Users\\TUF\\AppData\\Local\\Temp\\healthverify-certificate-6ffc9ee8-e2cd-4808-b793-a48c834e9edc.pdf","service":"healthcare-verification-service","timestamp":"2026-06-24 13:23:39"}
{"level":"info","message":"MongoDB Connected","service":"healthcare-verification-service","timestamp":"2026-06-24 13:24:00"}
{"level":"info","message":"[Certificate Pipeline] Step 5: Generating QR Code","service":"healthcare-verification-service","timestamp":"2026-06-24 13:24:01"}
{"level":"info","message":"[Certificate Pipeline] Step 6: Generating PDF","service":"healthcare-verification-service","timestamp":"2026-06-24 13:24:01"}
{"level":"info","message":"[Certificate Pipeline] Step 7: PDF ready for email attachment at C:\\Users\\TUF\\AppData\\Local\\Temp\\healthverify-certificate-5ae49bf2-d055-4c4d-b057-b30002f65028.pdf","service":"healthcare-verification-service","timestamp":"2026-06-24 13:24:02"}
{"level":"info","message":"[GET] /api/certificates?q= - IP: ::1","service":"healthcare-verification-service","timestamp":"2026-06-24 13:25:38"}
{"level":"info","message":"[GET] /api/certificates?q= - IP: ::1","service":"healthcare-verification-service","timestamp":"2026-06-24 13:25:38"}
{"level":"info","message":"[POST] /api/auth/refresh - IP: ::1","service":"healthcare-verification-service","timestamp":"2026-06-24 13:25:38"}
{"level":"info","message":"[Cloudinary] credentials loaded: cloudName=true, apiKey=true, apiSecret=true, required=true","service":"healthcare-verification-service","timestamp":"2026-06-24 13:25:43"}
{"level":"info","message":"MongoDB Connected","service":"healthcare-verification-service","timestamp":"2026-06-24 13:25:44"}
{"level":"info","message":"Healthcare Platform API running in [development] mode on port 4000","service":"healthcare-verification-service","timestamp":"2026-06-24 13:25:44"}
{"level":"info","message":"Swagger API documentation available at http://localhost:4000/api/docs","service":"healthcare-verification-service","timestamp":"2026-06-24 13:25:44"}
{"level":"info","message":"[POST] /api/auth/login - IP: ::1","service":"healthcare-verification-service","timestamp":"2026-06-24 13:26:09"}
{"level":"info","message":"[POST] /api/auth/login - IP: ::1","service":"healthcare-verification-service","timestamp":"2026-06-24 13:26:18"}
{"level":"info","message":"[POST] /api/auth/login - IP: ::1","service":"healthcare-verification-service","timestamp":"2026-06-24 13:28:16"}
{"level":"info","message":"[POST] /api/auth/login - IP: ::1","service":"healthcare-verification-service","timestamp":"2026-06-24 13:28:45"}
{"level":"info","message":"Audit Log Created: [LOGIN] by User [6a3b8cbd5486005a5f359edf] on [USER - 6a3b8cbd5486005a5f359edf]","service":"healthcare-verification-service","timestamp":"2026-06-24 13:28:46"}
{"level":"info","message":"[GET] /api/analytics/stats - IP: ::1","service":"healthcare-verification-service","timestamp":"2026-06-24 13:28:46"}
{"level":"info","message":"[GET] /api/analytics/charts - IP: ::1","service":"healthcare-verification-service","timestamp":"2026-06-24 13:28:46"}
{"level":"info","message":"[GET] /api/analytics/stats - IP: ::1","service":"healthcare-verification-service","timestamp":"2026-06-24 13:28:47"}
{"level":"info","message":"[GET] /api/analytics/charts - IP: ::1","service":"healthcare-verification-service","timestamp":"2026-06-24 13:28:47"}
{"level":"info","message":"[GET] /api/certificates?q= - IP: ::1","service":"healthcare-verification-service","timestamp":"2026-06-24 13:28:52"}
{"level":"info","message":"[GET] /api/certificates?q= - IP: ::1","service":"healthcare-verification-service","timestamp":"2026-06-24 13:28:52"}
{"level":"info","message":"[GET] /api/patients?q= - IP: ::1","service":"healthcare-verification-service","timestamp":"2026-06-24 13:28:55"}
{"level":"info","message":"[GET] /api/patients?q= - IP: ::1","service":"healthcare-verification-service","timestamp":"2026-06-24 13:28:55"}
{"level":"info","message":"[POST] /api/patients - IP: ::1","service":"healthcare-verification-service","timestamp":"2026-06-24 13:29:22"}
{"level":"info","message":"Audit Log Created: [PATIENT_CREATE] by User [6a3b8cbd5486005a5f359edf] on [PATIENT - 6a3b8e5a3d5f7e3a7e1ec94f]","service":"healthcare-verification-service","timestamp":"2026-06-24 13:29:23"}
{"level":"info","message":"[GET] /api/patients?q= - IP: ::1","service":"healthcare-verification-service","timestamp":"2026-06-24 13:29:23"}
{"level":"info","message":"[GET] /api/certificates?q= - IP: ::1","service":"healthcare-verification-service","timestamp":"2026-06-24 13:29:25"}
{"level":"info","message":"[GET] /api/certificates?q= - IP: ::1","service":"healthcare-verification-service","timestamp":"2026-06-24 13:29:25"}
{"level":"info","message":"[GET] /api/staff - IP: ::1","service":"healthcare-verification-service","timestamp":"2026-06-24 13:29:27"}
{"level":"info","message":"[GET] /api/staff - IP: ::1","service":"healthcare-verification-service","timestamp":"2026-06-24 13:29:27"}
{"level":"info","message":"[GET] /api/patients?q= - IP: ::1","service":"healthcare-verification-service","timestamp":"2026-06-24 13:29:28"}
{"level":"info","message":"[GET] /api/patients?q= - IP: ::1","service":"healthcare-verification-service","timestamp":"2026-06-24 13:29:28"}
{"level":"info","message":"[GET] /api/patients?q= - IP: ::1","service":"healthcare-verification-service","timestamp":"2026-06-24 13:29:29"}
{"level":"info","message":"[GET] /api/patients?q= - IP: ::1","service":"healthcare-verification-service","timestamp":"2026-06-24 13:29:29"}
{"level":"info","message":"[GET] /api/patients?q= - IP: ::1","service":"healthcare-verification-service","timestamp":"2026-06-24 13:29:30"}
{"level":"info","message":"[GET] /api/patients?q= - IP: ::1","service":"healthcare-verification-service","timestamp":"2026-06-24 13:29:31"}
{"level":"info","message":"[GET] /api/analytics/verification-logs?q=&result= - IP: ::1","service":"healthcare-verification-service","timestamp":"2026-06-24 13:29:33"}
{"level":"info","message":"[GET] /api/analytics/verification-logs?q=&result= - IP: ::1","service":"healthcare-verification-service","timestamp":"2026-06-24 13:29:33"}
{"level":"info","message":"[GET] /api/certificates?q= - IP: ::1","service":"healthcare-verification-service","timestamp":"2026-06-24 13:29:35"}
{"level":"info","message":"[GET] /api/certificates?q= - IP: ::1","service":"healthcare-verification-service","timestamp":"2026-06-24 13:29:36"}
{"level":"info","message":"[GET] /api/patients - IP: ::1","service":"healthcare-verification-service","timestamp":"2026-06-24 13:29:37"}
{"level":"info","message":"[GET] /api/doctors - IP: ::1","service":"healthcare-verification-service","timestamp":"2026-06-24 13:29:37"}
{"level":"info","message":"[POST] /api/certificates - IP: ::1","service":"healthcare-verification-service","timestamp":"2026-06-24 13:29:46"}
{"level":"info","message":"[Certificate Pipeline] Step 1: Validating Request","service":"healthcare-verification-service","timestamp":"2026-06-24 13:29:46"}
{"level":"info","message":"[Certificate Pipeline] Step 2: Loading Patient","service":"healthcare-verification-service","timestamp":"2026-06-24 13:29:46"}
{"level":"info","message":"[Certificate Pipeline] Step 3: Loading Doctor","service":"healthcare-verification-service","timestamp":"2026-06-24 13:29:46"}
{"level":"info","message":"[Certificate Pipeline] Step 4: Generating Certificate Number","service":"healthcare-verification-service","timestamp":"2026-06-24 13:29:46"}
{"level":"info","message":"[Certificate Pipeline] Step 5: Generating QR Code","service":"healthcare-verification-service","timestamp":"2026-06-24 13:29:46"}
{"level":"info","message":"[Certificate Pipeline] Step 6: Generating PDF","service":"healthcare-verification-service","timestamp":"2026-06-24 13:29:46"}
{"level":"info","message":"[Certificate Pipeline] Step 7: PDF ready for email attachment at C:\\Users\\TUF\\AppData\\Local\\Temp\\healthverify-certificate-b399100e-759e-418a-a63e-06c7e5d5e01a.pdf","service":"healthcare-verification-service","timestamp":"2026-06-24 13:29:48"}
{"level":"info","message":"[Certificate Pipeline] Step 9: Creating Database Record","service":"healthcare-verification-service","timestamp":"2026-06-24 13:29:48"}
{"level":"info","message":"CERTIFICATE PAYLOAD {\"certificateNumber\":\"415786\",\"patientId\":\"6a3b8e5a3d5f7e3a7e1ec94f\",\"doctorId\":\"6a3b8cbd5486005a5f359ee1\",\"pdfAttachment\":\"Medical_Certificate_415786.pdf\"}","service":"healthcare-verification-service","timestamp":"2026-06-24 13:29:48"}
{"level":"info","message":"Audit Log Created: [CERTIFICATE_CREATE] by User [6a3b8cbd5486005a5f359edf] on [CERTIFICATE - 6a3b8e743d5f7e3a7e1ec951]","service":"healthcare-verification-service","timestamp":"2026-06-24 13:29:49"}
{"level":"info","message":"[Certificate Pipeline] Step 10: Sending Email","service":"healthcare-verification-service","timestamp":"2026-06-24 13:29:49"}
{"level":"info","message":"[Notification] Preparing CERTIFICATE_CREATED email for mayankmathur183@gmail.com","service":"healthcare-verification-service","timestamp":"2026-06-24 13:29:49"}
{"level":"info","message":"Email successfully sent via Resend to mayankmathur183@gmail.com [CERTIFICATE_CREATED]","service":"healthcare-verification-service","timestamp":"2026-06-24 13:30:07"}
{"level":"info","message":"[GET] /api/certificates?q= - IP: ::1","service":"healthcare-verification-service","timestamp":"2026-06-24 13:30:07"}
{"level":"info","message":"[GET] /api/certificates/6a3b8e743d5f7e3a7e1ec951/download - IP: ::1","service":"healthcare-verification-service","timestamp":"2026-06-24 13:30:49"}
{"level":"info","message":"[Certificate Pipeline] Step 5: Generating QR Code","service":"healthcare-verification-service","timestamp":"2026-06-24 13:30:49"}
{"level":"info","message":"[Certificate Pipeline] Step 6: Generating PDF","service":"healthcare-verification-service","timestamp":"2026-06-24 13:30:49"}
{"level":"info","message":"[Certificate Pipeline] Step 7: PDF ready for email attachment at C:\\Users\\TUF\\AppData\\Local\\Temp\\healthverify-certificate-80e3d248-b111-4bad-890d-aa3a79154fe3.pdf","service":"healthcare-verification-service","timestamp":"2026-06-24 13:30:51"}
{"level":"info","message":"MongoDB Connected","service":"healthcare-verification-service","timestamp":"2026-06-24 13:34:29"}
{"level":"info","message":"[Certificate Pipeline] Step 5: Generating QR Code","service":"healthcare-verification-service","timestamp":"2026-06-24 13:34:31"}
{"level":"info","message":"[Certificate Pipeline] Step 6: Generating PDF","service":"healthcare-verification-service","timestamp":"2026-06-24 13:34:31"}
{"level":"info","message":"[Certificate Pipeline] Step 7: PDF ready for email attachment at C:\\Users\\TUF\\AppData\\Local\\Temp\\healthverify-certificate-87b1703a-3e61-464b-8649-8b1fe839a693.pdf","service":"healthcare-verification-service","timestamp":"2026-06-24 13:34:32"}
{"level":"info","message":"[GET] /api/patients - IP: ::1","service":"healthcare-verification-service","timestamp":"2026-06-24 13:36:01"}
{"level":"info","message":"[GET] /api/doctors - IP: ::1","service":"healthcare-verification-service","timestamp":"2026-06-24 13:36:01"}
{"level":"info","message":"[POST] /api/certificates - IP: ::1","service":"healthcare-verification-service","timestamp":"2026-06-24 13:36:19"}
{"level":"info","message":"[Certificate Pipeline] Step 1: Validating Request","service":"healthcare-verification-service","timestamp":"2026-06-24 13:36:19"}
{"level":"info","message":"[Certificate Pipeline] Step 2: Loading Patient","service":"healthcare-verification-service","timestamp":"2026-06-24 13:36:19"}
{"level":"info","message":"[Certificate Pipeline] Step 3: Loading Doctor","service":"healthcare-verification-service","timestamp":"2026-06-24 13:36:19"}
{"level":"info","message":"[Certificate Pipeline] Step 4: Generating Certificate Number","service":"healthcare-verification-service","timestamp":"2026-06-24 13:36:19"}
{"level":"info","message":"[Certificate Pipeline] Step 5: Generating QR Code","service":"healthcare-verification-service","timestamp":"2026-06-24 13:36:19"}
{"level":"info","message":"[Certificate Pipeline] Step 6: Generating PDF","service":"healthcare-verification-service","timestamp":"2026-06-24 13:36:19"}
{"level":"info","message":"[Certificate Pipeline] Step 7: PDF ready for email attachment at C:\\Users\\TUF\\AppData\\Local\\Temp\\healthverify-certificate-c1ef4f00-329e-492b-8710-94b33b4057e5.pdf","service":"healthcare-verification-service","timestamp":"2026-06-24 13:36:20"}
{"level":"info","message":"[Certificate Pipeline] Step 9: Creating Database Record","service":"healthcare-verification-service","timestamp":"2026-06-24 13:36:20"}
{"level":"info","message":"CERTIFICATE PAYLOAD {\"certificateNumber\":\"415787\",\"patientId\":\"6a3b8e5a3d5f7e3a7e1ec94f\",\"doctorId\":\"6a3b8cbd5486005a5f359ee1\",\"pdfAttachment\":\"Medical_Certificate_415787.pdf\"}","service":"healthcare-verification-service","timestamp":"2026-06-24 13:36:20"}
{"level":"info","message":"Audit Log Created: [CERTIFICATE_CREATE] by User [6a3b8cbd5486005a5f359edf] on [CERTIFICATE - 6a3b8ffc3d5f7e3a7e1ec954]","service":"healthcare-verification-service","timestamp":"2026-06-24 13:36:20"}
{"level":"info","message":"[Certificate Pipeline] Step 10: Sending Email","service":"healthcare-verification-service","timestamp":"2026-06-24 13:36:20"}
{"level":"info","message":"[Notification] Preparing CERTIFICATE_CREATED email for mayankmathur183@gmail.com","service":"healthcare-verification-service","timestamp":"2026-06-24 13:36:21"}
{"level":"info","message":"Email successfully sent via Resend to mayankmathur183@gmail.com [CERTIFICATE_CREATED]","service":"healthcare-verification-service","timestamp":"2026-06-24 13:36:33"}
{"level":"info","message":"[GET] /api/certificates?q= - IP: ::1","service":"healthcare-verification-service","timestamp":"2026-06-24 13:36:33"}
{"level":"info","message":"MongoDB Connected","service":"healthcare-verification-service","timestamp":"2026-06-24 13:43:05"}
{"level":"info","message":"[Certificate Pipeline] Step 5: Generating QR Code","service":"healthcare-verification-service","timestamp":"2026-06-24 13:43:06"}
{"level":"info","message":"[Certificate Pipeline] Step 6: Generating PDF","service":"healthcare-verification-service","timestamp":"2026-06-24 13:43:06"}
{"level":"info","message":"[Certificate Pipeline] Step 7: PDF ready for email attachment at C:\\Users\\TUF\\AppData\\Local\\Temp\\healthverify-certificate-922846ef-3f13-4dbc-93fa-02258c1987a2.pdf","service":"healthcare-verification-service","timestamp":"2026-06-24 13:43:08"}
{"level":"info","message":"[GET] /api/patients - IP: ::1","service":"healthcare-verification-service","timestamp":"2026-06-24 13:51:44"}
{"expiredAt":"2026-06-24T08:13:46.000Z","level":"warn","message":"jwt expired","name":"TokenExpiredError","service":"healthcare-verification-service","stack":"TokenExpiredError: jwt expired\n    at F:\\singapore\\server\\node_modules\\jsonwebtoken\\verify.js:190:21\n    at getSecret (F:\\singapore\\server\\node_modules\\jsonwebtoken\\verify.js:97:14)\n    at module.exports [as verify] (F:\\singapore\\server\\node_modules\\jsonwebtoken\\verify.js:101:10)\n    at verifyAccessToken (file:///F:/singapore/server/src/utils/jwt.js:17:14)\n    at authenticate (file:///F:/singapore/server/src/middleware/authMiddleware.js:14:21)\n    at Layer.handle [as handle_request] (F:\\singapore\\server\\node_modules\\express\\lib\\router\\layer.js:95:5)\n    at trim_prefix (F:\\singapore\\server\\node_modules\\express\\lib\\router\\index.js:328:13)\n    at F:\\singapore\\server\\node_modules\\express\\lib\\router\\index.js:286:9\n    at router.process_params (F:\\singapore\\server\\node_modules\\express\\lib\\router\\index.js:346:12)\n    at next (F:\\singapore\\server\\node_modules\\express\\lib\\router\\index.js:280:10)","timestamp":"2026-06-24 13:51:44"}
{"level":"info","message":"[GET] /api/doctors - IP: ::1","service":"healthcare-verification-service","timestamp":"2026-06-24 13:51:44"}
{"expiredAt":"2026-06-24T08:13:46.000Z","level":"warn","message":"jwt expired","name":"TokenExpiredError","service":"healthcare-verification-service","stack":"TokenExpiredError: jwt expired\n    at F:\\singapore\\server\\node_modules\\jsonwebtoken\\verify.js:190:21\n    at getSecret (F:\\singapore\\server\\node_modules\\jsonwebtoken\\verify.js:97:14)\n    at module.exports [as verify] (F:\\singapore\\server\\node_modules\\jsonwebtoken\\verify.js:101:10)\n    at verifyAccessToken (file:///F:/singapore/server/src/utils/jwt.js:17:14)\n    at authenticate (file:///F:/singapore/server/src/middleware/authMiddleware.js:14:21)\n    at Layer.handle [as handle_request] (F:\\singapore\\server\\node_modules\\express\\lib\\router\\layer.js:95:5)\n    at trim_prefix (F:\\singapore\\server\\node_modules\\express\\lib\\router\\index.js:328:13)\n    at F:\\singapore\\server\\node_modules\\express\\lib\\router\\index.js:286:9\n    at router.process_params (F:\\singapore\\server\\node_modules\\express\\lib\\router\\index.js:346:12)\n    at next (F:\\singapore\\server\\node_modules\\express\\lib\\router\\index.js:280:10)","timestamp":"2026-06-24 13:51:44"}
{"level":"info","message":"[POST] /api/auth/refresh - IP: ::1","service":"healthcare-verification-service","timestamp":"2026-06-24 13:51:44"}
{"level":"info","message":"[GET] /api/patients - IP: ::1","service":"healthcare-verification-service","timestamp":"2026-06-24 13:51:44"}
{"level":"info","message":"[GET] /api/doctors - IP: ::1","service":"healthcare-verification-service","timestamp":"2026-06-24 13:51:44"}
{"level":"info","message":"[POST] /api/certificates - IP: ::1","service":"healthcare-verification-service","timestamp":"2026-06-24 13:51:55"}
{"level":"info","message":"[Certificate Pipeline] Step 1: Validating Request","service":"healthcare-verification-service","timestamp":"2026-06-24 13:51:55"}
{"level":"info","message":"[Certificate Pipeline] Step 2: Loading Patient","service":"healthcare-verification-service","timestamp":"2026-06-24 13:51:55"}
{"level":"info","message":"[Certificate Pipeline] Step 3: Loading Doctor","service":"healthcare-verification-service","timestamp":"2026-06-24 13:51:56"}
{"level":"info","message":"[Certificate Pipeline] Step 4: Generating Certificate Number","service":"healthcare-verification-service","timestamp":"2026-06-24 13:51:56"}
{"level":"info","message":"[Certificate Pipeline] Step 5: Generating QR Code","service":"healthcare-verification-service","timestamp":"2026-06-24 13:51:56"}
{"level":"info","message":"[Certificate Pipeline] Step 6: Generating PDF","service":"healthcare-verification-service","timestamp":"2026-06-24 13:51:56"}
{"level":"info","message":"[Certificate Pipeline] Step 7: PDF ready for email attachment at C:\\Users\\TUF\\AppData\\Local\\Temp\\healthverify-certificate-c97eb38a-09e5-41b4-8c37-f085cd5ac4f5.pdf","service":"healthcare-verification-service","timestamp":"2026-06-24 13:51:58"}
{"level":"info","message":"[Certificate Pipeline] Step 9: Creating Database Record","service":"healthcare-verification-service","timestamp":"2026-06-24 13:51:58"}
{"level":"info","message":"CERTIFICATE PAYLOAD {\"certificateNumber\":\"415788\",\"patientId\":\"6a3b8e5a3d5f7e3a7e1ec94f\",\"doctorId\":\"6a3b8cbd5486005a5f359ee1\",\"pdfAttachment\":\"Medical_Certificate_415788.pdf\"}","service":"healthcare-verification-service","timestamp":"2026-06-24 13:51:58"}
{"level":"info","message":"Audit Log Created: [CERTIFICATE_CREATE] by User [6a3b8cbd5486005a5f359edf] on [CERTIFICATE - 6a3b93a63d5f7e3a7e1ec957]","service":"healthcare-verification-service","timestamp":"2026-06-24 13:51:59"}
{"level":"info","message":"[Certificate Pipeline] Step 10: Sending Email","service":"healthcare-verification-service","timestamp":"2026-06-24 13:51:59"}
{"level":"info","message":"[Notification] Preparing CERTIFICATE_CREATED email for mayankmathur183@gmail.com","service":"healthcare-verification-service","timestamp":"2026-06-24 13:51:59"}
{"level":"info","message":"Email successfully sent via Resend to mayankmathur183@gmail.com [CERTIFICATE_CREATED]","service":"healthcare-verification-service","timestamp":"2026-06-24 13:52:29"}
{"level":"info","message":"[GET] /api/certificates?q= - IP: ::1","service":"healthcare-verification-service","timestamp":"2026-06-24 13:52:29"}
{"level":"info","message":"[Cloudinary] credentials loaded: cloudName=true, apiKey=true, apiSecret=true, required=true","service":"healthcare-verification-service","timestamp":"2026-06-24 13:54:43"}
{"level":"info","message":"MongoDB Connected","service":"healthcare-verification-service","timestamp":"2026-06-24 13:54:43"}
{"level":"info","message":"Healthcare Platform API running in [development] mode on port 4000","service":"healthcare-verification-service","timestamp":"2026-06-24 13:54:43"}
{"level":"info","message":"Swagger API documentation available at http://localhost:4000/api/docs","service":"healthcare-verification-service","timestamp":"2026-06-24 13:54:43"}
{"level":"info","message":"[GET] /api/certificates?q= - IP: ::1","service":"healthcare-verification-service","timestamp":"2026-06-24 13:54:57"}
{"level":"info","message":"[GET] /api/certificates?q= - IP: ::1","service":"healthcare-verification-service","timestamp":"2026-06-24 13:54:57"}
{"level":"info","message":"[GET] /api/certificates?q= - IP: ::1","service":"healthcare-verification-service","timestamp":"2026-06-24 13:55:00"}
{"level":"info","message":"[GET] /api/certificates?q= - IP: ::1","service":"healthcare-verification-service","timestamp":"2026-06-24 13:55:01"}
{"level":"info","message":"[GET] /api/patients - IP: ::1","service":"healthcare-verification-service","timestamp":"2026-06-24 13:55:03"}
{"level":"info","message":"[GET] /api/doctors - IP: ::1","service":"healthcare-verification-service","timestamp":"2026-06-24 13:55:03"}
{"level":"info","message":"[POST] /api/certificates - IP: ::1","service":"healthcare-verification-service","timestamp":"2026-06-24 13:55:08"}
{"level":"info","message":"[Certificate Pipeline] Step 1: Validating Request","service":"healthcare-verification-service","timestamp":"2026-06-24 13:55:08"}
{"level":"info","message":"[Certificate Pipeline] Step 2: Loading Patient","service":"healthcare-verification-service","timestamp":"2026-06-24 13:55:08"}
{"level":"info","message":"[Certificate Pipeline] Step 3: Loading Doctor","service":"healthcare-verification-service","timestamp":"2026-06-24 13:55:08"}
{"level":"info","message":"[Certificate Pipeline] Step 4: Generating Certificate Number","service":"healthcare-verification-service","timestamp":"2026-06-24 13:55:08"}
{"level":"info","message":"[Certificate Pipeline] Step 5: Generating QR Code","service":"healthcare-verification-service","timestamp":"2026-06-24 13:55:09"}
{"level":"info","message":"[Certificate Pipeline] Step 6: Generating PDF","service":"healthcare-verification-service","timestamp":"2026-06-24 13:55:09"}
{"level":"info","message":"[Certificate Pipeline] Step 7: PDF ready for email attachment at C:\\Users\\TUF\\AppData\\Local\\Temp\\healthverify-certificate-f47f51f2-f274-47d7-ae96-1c97370c9a9f.pdf","service":"healthcare-verification-service","timestamp":"2026-06-24 13:55:10"}
{"level":"info","message":"[Certificate Pipeline] Step 9: Creating Database Record","service":"healthcare-verification-service","timestamp":"2026-06-24 13:55:10"}
{"level":"info","message":"CERTIFICATE PAYLOAD {\"certificateNumber\":\"415789\",\"patientId\":\"6a3b8e5a3d5f7e3a7e1ec94f\",\"doctorId\":\"6a3b8cbd5486005a5f359ee1\",\"pdfAttachment\":\"Medical_Certificate_415789.pdf\"}","service":"healthcare-verification-service","timestamp":"2026-06-24 13:55:10"}
{"level":"info","message":"Audit Log Created: [CERTIFICATE_CREATE] by User [6a3b8cbd5486005a5f359edf] on [CERTIFICATE - 6a3b9466d81b79cf94f64115]","service":"healthcare-verification-service","timestamp":"2026-06-24 13:55:10"}
{"level":"info","message":"[Certificate Pipeline] Step 10: Sending Email","service":"healthcare-verification-service","timestamp":"2026-06-24 13:55:10"}
{"level":"info","message":"[Notification] Preparing CERTIFICATE_CREATED email for mayankmathur183@gmail.com","service":"healthcare-verification-service","timestamp":"2026-06-24 13:55:10"}
{"level":"info","message":"Email successfully sent via Resend to mayankmathur183@gmail.com [CERTIFICATE_CREATED]","service":"healthcare-verification-service","timestamp":"2026-06-24 13:55:27"}
{"level":"info","message":"[GET] /api/certificates?q= - IP: ::1","service":"healthcare-verification-service","timestamp":"2026-06-24 13:55:27"}
{"level":"info","message":"[GET] /api/verify/415787 - IP: ::1","service":"healthcare-verification-service","timestamp":"2026-06-24 14:01:13"}
{"level":"info","message":"[POST] /api/verify - IP: ::1","service":"healthcare-verification-service","timestamp":"2026-06-24 14:01:21"}
{"level":"info","message":"[GET] /api/patients?q= - IP: ::1","service":"healthcare-verification-service","timestamp":"2026-06-24 14:06:06"}
{"level":"info","message":"[GET] /api/patients?q= - IP: ::1","service":"healthcare-verification-service","timestamp":"2026-06-24 14:06:06"}
{"level":"info","message":"[GET] /api/verify/415787 - IP: ::1","service":"healthcare-verification-service","timestamp":"2026-06-24 14:08:50"}
{"level":"info","message":"[GET] /api/verify/415787 - IP: ::1","service":"healthcare-verification-service","timestamp":"2026-06-24 14:08:53"}
{"level":"info","message":"[GET] /api/verify/415787 - IP: ::1","service":"healthcare-verification-service","timestamp":"2026-06-24 14:10:44"}
{"level":"info","message":"[GET] /api/verify/415787 - IP: ::1","service":"healthcare-verification-service","timestamp":"2026-06-24 14:11:18"}
{"level":"info","message":"[GET] /api/verify/415787 - IP: ::1","service":"healthcare-verification-service","timestamp":"2026-06-24 14:11:24"}
{"level":"info","message":"[GET] /api/verify/415787 - IP: ::1","service":"healthcare-verification-service","timestamp":"2026-06-24 14:11:52"}
{"level":"info","message":"[GET] /api/verify/415787 - IP: ::1","service":"healthcare-verification-service","timestamp":"2026-06-24 14:12:01"}
{"level":"info","message":"[GET] /api/verify/41587 - IP: ::1","service":"healthcare-verification-service","timestamp":"2026-06-24 14:13:17"}
{"level":"info","message":"[GET] /api/verify/415787 - IP: ::1","service":"healthcare-verification-service","timestamp":"2026-06-24 14:14:14"}
{"level":"info","message":"[Cloudinary] credentials loaded: cloudName=true, apiKey=true, apiSecret=true, required=true","service":"healthcare-verification-service","timestamp":"2026-06-24 14:14:22"}
{"level":"info","message":"MongoDB Connected","service":"healthcare-verification-service","timestamp":"2026-06-24 14:14:23"}
{"level":"info","message":"Healthcare Platform API running in [development] mode on port 4000","service":"healthcare-verification-service","timestamp":"2026-06-24 14:14:23"}
{"level":"info","message":"Swagger API documentation available at http://localhost:4000/api/docs","service":"healthcare-verification-service","timestamp":"2026-06-24 14:14:23"}
{"level":"info","message":"[GET] /api/patients?q= - IP: ::1","service":"healthcare-verification-service","timestamp":"2026-06-24 14:15:29"}
{"expiredAt":"2026-06-24T08:36:44.000Z","level":"warn","message":"jwt expired","name":"TokenExpiredError","service":"healthcare-verification-service","stack":"TokenExpiredError: jwt expired\n    at F:\\singapore\\server\\node_modules\\jsonwebtoken\\verify.js:190:21\n    at getSecret (F:\\singapore\\server\\node_modules\\jsonwebtoken\\verify.js:97:14)\n    at module.exports [as verify] (F:\\singapore\\server\\node_modules\\jsonwebtoken\\verify.js:101:10)\n    at verifyAccessToken (file:///F:/singapore/server/src/utils/jwt.js:17:14)\n    at authenticate (file:///F:/singapore/server/src/middleware/authMiddleware.js:14:21)\n    at Layer.handle [as handle_request] (F:\\singapore\\server\\node_modules\\express\\lib\\router\\layer.js:95:5)\n    at trim_prefix (F:\\singapore\\server\\node_modules\\express\\lib\\router\\index.js:328:13)\n    at F:\\singapore\\server\\node_modules\\express\\lib\\router\\index.js:286:9\n    at router.process_params (F:\\singapore\\server\\node_modules\\express\\lib\\router\\index.js:346:12)\n    at next (F:\\singapore\\server\\node_modules\\express\\lib\\router\\index.js:280:10)","timestamp":"2026-06-24 14:15:29"}
{"level":"info","message":"[GET] /api/patients?q= - IP: ::1","service":"healthcare-verification-service","timestamp":"2026-06-24 14:15:29"}
{"expiredAt":"2026-06-24T08:36:44.000Z","level":"warn","message":"jwt expired","name":"TokenExpiredError","service":"healthcare-verification-service","stack":"TokenExpiredError: jwt expired\n    at F:\\singapore\\server\\node_modules\\jsonwebtoken\\verify.js:190:21\n    at getSecret (F:\\singapore\\server\\node_modules\\jsonwebtoken\\verify.js:97:14)\n    at module.exports [as verify] (F:\\singapore\\server\\node_modules\\jsonwebtoken\\verify.js:101:10)\n    at verifyAccessToken (file:///F:/singapore/server/src/utils/jwt.js:17:14)\n    at authenticate (file:///F:/singapore/server/src/middleware/authMiddleware.js:14:21)\n    at Layer.handle [as handle_request] (F:\\singapore\\server\\node_modules\\express\\lib\\router\\layer.js:95:5)\n    at trim_prefix (F:\\singapore\\server\\node_modules\\express\\lib\\router\\index.js:328:13)\n    at F:\\singapore\\server\\node_modules\\express\\lib\\router\\index.js:286:9\n    at router.process_params (F:\\singapore\\server\\node_modules\\express\\lib\\router\\index.js:346:12)\n    at next (F:\\singapore\\server\\node_modules\\express\\lib\\router\\index.js:280:10)","timestamp":"2026-06-24 14:15:29"}
{"level":"info","message":"[POST] /api/auth/refresh - IP: ::1","service":"healthcare-verification-service","timestamp":"2026-06-24 14:15:29"}
{"level":"info","message":"[GET] /api/patients?q= - IP: ::1","service":"healthcare-verification-service","timestamp":"2026-06-24 14:15:29"}
{"level":"info","message":"[GET] /api/patients?q= - IP: ::1","service":"healthcare-verification-service","timestamp":"2026-06-24 14:15:30"}
{"level":"info","message":"[GET] /api/verify/415787 - IP: ::1","service":"healthcare-verification-service","timestamp":"2026-06-24 14:15:41"}
{"level":"info","message":"[POST] /api/verify - IP: ::1","service":"healthcare-verification-service","timestamp":"2026-06-24 14:15:41"}
{"level":"info","message":"[GET] /api/verify/415787 - IP: ::1","service":"healthcare-verification-service","timestamp":"2026-06-24 14:15:54"}
{"level":"info","message":"[POST] /api/verify - IP: ::1","service":"healthcare-verification-service","timestamp":"2026-06-24 14:15:54"}
{"level":"info","message":"[GET] /api/verify/41578 - IP: ::1","service":"healthcare-verification-service","timestamp":"2026-06-24 14:16:15"}
{"level":"info","message":"[GET] /api/verify/41578 - IP: ::1","service":"healthcare-verification-service","timestamp":"2026-06-24 14:16:22"}
{"level":"info","message":"[GET] /api/verify/415787 - IP: ::1","service":"healthcare-verification-service","timestamp":"2026-06-24 14:16:32"}
{"level":"info","message":"[POST] /api/verify - IP: ::1","service":"healthcare-verification-service","timestamp":"2026-06-24 14:16:32"}
{"level":"info","message":"[GET] /api/verify/415787 - IP: ::1","service":"healthcare-verification-service","timestamp":"2026-06-24 14:17:36"}
{"level":"info","message":"[POST] /api/verify - IP: ::1","service":"healthcare-verification-service","timestamp":"2026-06-24 14:17:36"}
{"level":"info","message":"[GET] /api/certificates?q= - IP: ::1","service":"healthcare-verification-service","timestamp":"2026-06-24 14:19:29"}
{"level":"info","message":"[GET] /api/certificates?q= - IP: ::1","service":"healthcare-verification-service","timestamp":"2026-06-24 14:19:29"}
{"level":"info","message":"[GET] /api/patients?q= - IP: ::1","service":"healthcare-verification-service","timestamp":"2026-06-24 14:19:34"}
{"level":"info","message":"[GET] /api/patients?q= - IP: ::1","service":"healthcare-verification-service","timestamp":"2026-06-24 14:19:34"}
{"level":"info","message":"[POST] /api/patients - IP: ::1","service":"healthcare-verification-service","timestamp":"2026-06-24 14:20:56"}
{"level":"info","message":"Audit Log Created: [PATIENT_CREATE] by User [6a3b8cbd5486005a5f359edf] on [PATIENT - 6a3b9a709318f62e24f50265]","service":"healthcare-verification-service","timestamp":"2026-06-24 14:20:57"}
{"level":"info","message":"[GET] /api/patients?q= - IP: ::1","service":"healthcare-verification-service","timestamp":"2026-06-24 14:20:57"}
{"level":"info","message":"[GET] /api/certificates?q= - IP: ::1","service":"healthcare-verification-service","timestamp":"2026-06-24 14:20:59"}
{"level":"info","message":"[GET] /api/certificates?q= - IP: ::1","service":"healthcare-verification-service","timestamp":"2026-06-24 14:21:00"}
{"level":"info","message":"[GET] /api/patients - IP: ::1","service":"healthcare-verification-service","timestamp":"2026-06-24 14:21:01"}
{"level":"info","message":"[GET] /api/doctors - IP: ::1","service":"healthcare-verification-service","timestamp":"2026-06-24 14:21:01"}
{"level":"info","message":"[POST] /api/certificates - IP: ::1","service":"healthcare-verification-service","timestamp":"2026-06-24 14:21:08"}
{"level":"info","message":"[Certificate Pipeline] Step 1: Validating Request","service":"healthcare-verification-service","timestamp":"2026-06-24 14:21:08"}
{"level":"info","message":"[Certificate Pipeline] Step 2: Loading Patient","service":"healthcare-verification-service","timestamp":"2026-06-24 14:21:08"}
{"level":"info","message":"[Certificate Pipeline] Step 3: Loading Doctor","service":"healthcare-verification-service","timestamp":"2026-06-24 14:21:08"}
{"level":"info","message":"[Certificate Pipeline] Step 4: Generating Certificate Number","service":"healthcare-verification-service","timestamp":"2026-06-24 14:21:08"}
{"level":"info","message":"[Certificate Pipeline] Step 5: Generating QR Code","service":"healthcare-verification-service","timestamp":"2026-06-24 14:21:08"}
{"level":"info","message":"[Certificate Pipeline] Step 6: Generating PDF","service":"healthcare-verification-service","timestamp":"2026-06-24 14:21:08"}
{"level":"info","message":"[Certificate Pipeline] Step 7: PDF ready for email attachment at C:\\Users\\TUF\\AppData\\Local\\Temp\\healthverify-certificate-eb9fe971-1129-4c5a-bdeb-dfa869f79228.pdf","service":"healthcare-verification-service","timestamp":"2026-06-24 14:21:11"}
{"level":"info","message":"[Certificate Pipeline] Step 9: Creating Database Record","service":"healthcare-verification-service","timestamp":"2026-06-24 14:21:11"}
{"level":"info","message":"CERTIFICATE PAYLOAD {\"certificateNumber\":\"415790\",\"patientId\":\"6a3b9a709318f62e24f50265\",\"doctorId\":\"6a3b8cbd5486005a5f359ee1\",\"pdfAttachment\":\"Medical_Certificate_415790.pdf\"}","service":"healthcare-verification-service","timestamp":"2026-06-24 14:21:11"}
{"level":"info","message":"Audit Log Created: [CERTIFICATE_CREATE] by User [6a3b8cbd5486005a5f359edf] on [CERTIFICATE - 6a3b9a7f9318f62e24f50267]","service":"healthcare-verification-service","timestamp":"2026-06-24 14:21:11"}
{"level":"info","message":"[Certificate Pipeline] Step 10: Sending Email","service":"healthcare-verification-service","timestamp":"2026-06-24 14:21:11"}
{"level":"info","message":"[Notification] Preparing CERTIFICATE_CREATED email for mayankmathur183@gmail.com","service":"healthcare-verification-service","timestamp":"2026-06-24 14:21:11"}
{"level":"info","message":"Email successfully sent via Resend to mayankmathur183@gmail.com [CERTIFICATE_CREATED]","service":"healthcare-verification-service","timestamp":"2026-06-24 14:21:35"}
{"level":"info","message":"[GET] /api/certificates?q= - IP: ::1","service":"healthcare-verification-service","timestamp":"2026-06-24 14:21:35"}
{"level":"info","message":"[Cloudinary] credentials loaded: cloudName=true, apiKey=true, apiSecret=true, required=true","service":"healthcare-verification-service","timestamp":"2026-06-24 14:22:53"}
{"level":"info","message":"MongoDB Connected","service":"healthcare-verification-service","timestamp":"2026-06-24 14:22:55"}
{"level":"info","message":"Healthcare Platform API running in [development] mode on port 4000","service":"healthcare-verification-service","timestamp":"2026-06-24 14:22:55"}
{"level":"info","message":"Swagger API documentation available at http://localhost:4000/api/docs","service":"healthcare-verification-service","timestamp":"2026-06-24 14:22:55"}
{"level":"info","message":"[GET] /api/verify/415790 - IP: ::1","service":"healthcare-verification-service","timestamp":"2026-06-24 14:23:19"}
{"level":"info","message":"[GET] /api/verify/415790 - IP: ::1","service":"healthcare-verification-service","timestamp":"2026-06-24 14:23:23"}
{"level":"info","message":"[GET] /api/verify/415790 - IP: ::1","service":"healthcare-verification-service","timestamp":"2026-06-24 14:23:31"}
{"level":"info","message":"[GET] /api/verify/415790 - IP: ::1","service":"healthcare-verification-service","timestamp":"2026-06-24 14:23:33"}
{"level":"info","message":"[POST] /api/verify - IP: ::1","service":"healthcare-verification-service","timestamp":"2026-06-24 14:23:36"}
{"level":"info","message":"[GET] /api/verify/415790 - IP: ::1","service":"healthcare-verification-service","timestamp":"2026-06-24 14:24:13"}
{"level":"info","message":"[GET] /api/verify/415790 - IP: ::1","service":"healthcare-verification-service","timestamp":"2026-06-24 14:24:19"}
{"level":"info","message":"[POST] /api/verify - IP: ::1","service":"healthcare-verification-service","timestamp":"2026-06-24 14:24:21"}
{"level":"info","message":"[GET] /api/verify/415787 - IP: ::1","service":"healthcare-verification-service","timestamp":"2026-06-24 14:25:26"}
{"level":"info","message":"[GET] /api/verify/415787 - IP: ::1","service":"healthcare-verification-service","timestamp":"2026-06-24 14:25:29"}
{"level":"info","message":"[POST] /api/verify - IP: ::1","service":"healthcare-verification-service","timestamp":"2026-06-24 14:25:33"}
